============================================================
Time  2024/07/11 15:00:58 066 
============================================================
[2024/07/11 15:00:58 067] tts        676  SYS_MSG_REGCB param0 =  msp_status_cb  param1 =  func(7c014850) 
[2024/07/11 15:00:58 069] config     43   use general cloud  
[2024/07/11 15:00:58 076] tts_cloud  1417 SYS_MSG_REGCB_CLOUD param0 =   msp_status_cb  param1 =  func(7c014850) 
[2024/07/11 15:00:58 076] tts        647  TTS_MSG_SSB  
[2024/07/11 15:00:58 077] tts        375  params =  engine_type = local,voice_name=xiaoyan, text_encoding = UTF8, tts_res_path = fo|res/tts/xiaoyan.jet;fo|res/tts/common.jet, sample_rate = 16000, speed = 50, volume = 50, pitch = 50, rdn = 2  
[2024/07/11 15:00:58 077] tts        412  ssb|use local  
[2024/07/11 15:00:58 077] tts        349  local_session_begin  
[2024/07/11 15:00:58 082] tts        654  TTS_MSG_SYN  0  
[2024/07/11 15:00:58 082] tts        451  synth|use local  
[2024/07/11 15:00:58 084] tts        657  TTS_MSG_GETAUDIO  0  
[2024/07/11 15:00:58 084] tts        485  get audio|use local  
[2024/07/11 15:00:58 084] tts        527  0  nil  1  
[2024/07/11 15:00:58 085] tts        657  TTS_MSG_GETAUDIO  0  
[2024/07/11 15:00:58 085] tts        485  get audio|use local  
[2024/07/11 15:00:58 085] tts        527  0  nil  1  
[2024/07/11 15:00:58 087] tts        657  TTS_MSG_GETAUDIO  0  
[2024/07/11 15:00:58 087] tts        485  get audio|use local  
[2024/07/11 15:00:58 087] tts        527  0  nil  1  
[2024/07/11 15:00:58 088] tts        657  TTS_MSG_GETAUDIO  0  
[2024/07/11 15:00:58 088] tts        485  get audio|use local  
[2024/07/11 15:00:58 088] tts        527  0  nil  1  
[2024/07/11 15:00:58 089] tts        657  TTS_MSG_GETAUDIO  0  
[2024/07/11 15:00:58 089] tts        485  get audio|use local  
[2024/07/11 15:00:58 089] tts        527  0  nil  1  
[2024/07/11 15:00:58 090] tts        657  TTS_MSG_GETAUDIO  0  
[2024/07/11 15:00:58 090] tts        485  get audio|use local  
[2024/07/11 15:00:58 090] tts        527  0  nil  1  
[2024/07/11 15:00:58 091] tts        657  TTS_MSG_GETAUDIO  0  
[2024/07/11 15:00:58 091] tts        485  get audio|use local  
[2024/07/11 15:00:58 091] tts        527  0  nil  1  
[2024/07/11 15:00:58 092] tts        657  TTS_MSG_GETAUDIO  0  
[2024/07/11 15:00:58 092] tts        485  get audio|use local  
[2024/07/11 15:00:58 092] tts        527  0  nil  1  
[2024/07/11 15:00:58 092] tts        657  TTS_MSG_GETAUDIO  0  
[2024/07/11 15:00:58 092] tts        485  get audio|use local  
[2024/07/11 15:00:58 092] tts        527  0  nil  1  
[2024/07/11 15:00:58 094] tts        657  TTS_MSG_GETAUDIO  0  
[2024/07/11 15:00:58 094] tts        485  get audio|use local  
[2024/07/11 15:00:58 094] tts        527  0  nil  1  
[2024/07/11 15:00:58 097] tts        657  TTS_MSG_GETAUDIO  0  
[2024/07/11 15:00:58 097] tts        485  get audio|use local  
[2024/07/11 15:00:58 097] tts        527  0  nil  1  
[2024/07/11 15:00:58 098] tts        657  TTS_MSG_GETAUDIO  0  
[2024/07/11 15:00:58 098] tts        485  get audio|use local  
[2024/07/11 15:00:58 098] tts        527  0  nil  1  
[2024/07/11 15:00:58 099] tts        657  TTS_MSG_GETAUDIO  0  
[2024/07/11 15:00:58 099] tts        485  get audio|use local  
[2024/07/11 15:00:58 099] tts        527  0  nil  1  
[2024/07/11 15:00:58 100] tts        657  TTS_MSG_GETAUDIO  0  
[2024/07/11 15:00:58 100] tts        485  get audio|use local  
[2024/07/11 15:00:58 100] tts        527  0  nil  1  
[2024/07/11 15:00:58 101] tts        657  TTS_MSG_GETAUDIO  0  
[2024/07/11 15:00:58 101] tts        485  get audio|use local  
[2024/07/11 15:00:58 102] tts        527  0  nil  1  
[2024/07/11 15:00:58 103] tts        657  TTS_MSG_GETAUDIO  0  
[2024/07/11 15:00:58 103] tts        485  get audio|use local  
[2024/07/11 15:00:58 103] tts        527  0  nil  1  
[2024/07/11 15:00:58 103] tts        657  TTS_MSG_GETAUDIO  0  
[2024/07/11 15:00:58 103] tts        485  get audio|use local  
[2024/07/11 15:00:58 104] tts        527  0  nil  1  
[2024/07/11 15:00:58 104] tts        657  TTS_MSG_GETAUDIO  0  
[2024/07/11 15:00:58 104] tts        485  get audio|use local  
[2024/07/11 15:00:58 104] tts        527  0  nil  1  
[2024/07/11 15:00:58 105] tts        657  TTS_MSG_GETAUDIO  0  
[2024/07/11 15:00:58 105] tts        485  get audio|use local  
[2024/07/11 15:00:58 106] tts        527  0  nil  1  
[2024/07/11 15:00:58 107] tts        657  TTS_MSG_GETAUDIO  0  
[2024/07/11 15:00:58 107] tts        485  get audio|use local  
[2024/07/11 15:00:58 108] tts        527  0  nil  1  
[2024/07/11 15:00:58 109] tts        657  TTS_MSG_GETAUDIO  0  
[2024/07/11 15:00:58 109] tts        485  get audio|use local  
[2024/07/11 15:00:58 109] tts        527  0  nil  1  
[2024/07/11 15:00:58 110] tts        657  TTS_MSG_GETAUDIO  0  
[2024/07/11 15:00:58 110] tts        485  get audio|use local  
[2024/07/11 15:00:58 110] tts        527  0  nil  1  
[2024/07/11 15:00:58 110] tts        657  TTS_MSG_GETAUDIO  0  
[2024/07/11 15:00:58 111] tts        485  get audio|use local  
[2024/07/11 15:00:58 111] tts        527  0  nil  1  
[2024/07/11 15:00:58 111] tts        657  TTS_MSG_GETAUDIO  0  
[2024/07/11 15:00:58 111] tts        485  get audio|use local  
[2024/07/11 15:00:58 112] tts        527  0  nil  1  
[2024/07/11 15:00:58 113] tts        657  TTS_MSG_GETAUDIO  0  
[2024/07/11 15:00:58 113] tts        485  get audio|use local  
[2024/07/11 15:00:58 113] tts        527  0  nil  1  
[2024/07/11 15:00:58 114] tts        657  TTS_MSG_GETAUDIO  0  
[2024/07/11 15:00:58 114] tts        485  get audio|use local  
[2024/07/11 15:00:58 114] tts        527  0  nil  1  
[2024/07/11 15:00:58 115] tts        657  TTS_MSG_GETAUDIO  0  
[2024/07/11 15:00:58 115] tts        485  get audio|use local  
[2024/07/11 15:00:58 115] tts        527  0  nil  1  
[2024/07/11 15:00:58 116] tts        657  TTS_MSG_GETAUDIO  0  
[2024/07/11 15:00:58 116] tts        485  get audio|use local  
[2024/07/11 15:00:58 116] tts        527  0  nil  1  
[2024/07/11 15:00:58 117] tts        657  TTS_MSG_GETAUDIO  0  
[2024/07/11 15:00:58 117] tts        485  get audio|use local  
[2024/07/11 15:00:58 117] tts        527  0  nil  1  
[2024/07/11 15:00:58 118] tts        657  TTS_MSG_GETAUDIO  0  
[2024/07/11 15:00:58 118] tts        485  get audio|use local  
[2024/07/11 15:00:58 119] tts        527  0  nil  1  
[2024/07/11 15:00:58 120] tts        657  TTS_MSG_GETAUDIO  0  
[2024/07/11 15:00:58 120] tts        485  get audio|use local  
[2024/07/11 15:00:58 120] tts        527  0  nil  1  
[2024/07/11 15:00:58 121] tts        657  TTS_MSG_GETAUDIO  0  
[2024/07/11 15:00:58 121] tts        485  get audio|use local  
[2024/07/11 15:00:58 121] tts        527  0  nil  1  
[2024/07/11 15:00:58 122] tts        657  TTS_MSG_GETAUDIO  0  
[2024/07/11 15:00:58 122] tts        485  get audio|use local  
[2024/07/11 15:00:58 122] tts        527  0  nil  1  
[2024/07/11 15:00:58 123] tts        657  TTS_MSG_GETAUDIO  0  
[2024/07/11 15:00:58 123] tts        485  get audio|use local  
[2024/07/11 15:00:58 123] tts        527  0  nil  1  
[2024/07/11 15:00:58 124] tts        657  TTS_MSG_GETAUDIO  0  
[2024/07/11 15:00:58 124] tts        485  get audio|use local  
[2024/07/11 15:00:58 125] tts        527  0  nil  1  
[2024/07/11 15:00:58 125] tts        657  TTS_MSG_GETAUDIO  0  
[2024/07/11 15:00:58 125] tts        485  get audio|use local  
[2024/07/11 15:00:58 126] tts        527  0  nil  1  
[2024/07/11 15:00:58 126] tts        657  TTS_MSG_GETAUDIO  0  
[2024/07/11 15:00:58 126] tts        485  get audio|use local  
[2024/07/11 15:00:58 126] tts        527  0  nil  1  
[2024/07/11 15:00:58 127] tts        657  TTS_MSG_GETAUDIO  0  
[2024/07/11 15:00:58 127] tts        485  get audio|use local  
[2024/07/11 15:00:58 128] tts        527  0  nil  1  
[2024/07/11 15:00:58 128] tts        657  TTS_MSG_GETAUDIO  0  
[2024/07/11 15:00:58 129] tts        485  get audio|use local  
[2024/07/11 15:00:58 129] tts        527  0  nil  1  
[2024/07/11 15:00:58 130] tts        657  TTS_MSG_GETAUDIO  0  
[2024/07/11 15:00:58 130] tts        485  get audio|use local  
[2024/07/11 15:00:58 130] tts        527  0  nil  1  
[2024/07/11 15:00:58 131] tts        657  TTS_MSG_GETAUDIO  0  
[2024/07/11 15:00:58 131] tts        485  get audio|use local  
[2024/07/11 15:00:58 131] tts        527  0  nil  1  
[2024/07/11 15:00:58 132] tts        657  TTS_MSG_GETAUDIO  0  
[2024/07/11 15:00:58 132] tts        485  get audio|use local  
[2024/07/11 15:00:58 133] tts        527  0  nil  1  
[2024/07/11 15:00:58 133] tts        657  TTS_MSG_GETAUDIO  0  
[2024/07/11 15:00:58 134] tts        485  get audio|use local  
[2024/07/11 15:00:58 134] tts        527  0  nil  1  
[2024/07/11 15:00:58 135] tts        657  TTS_MSG_GETAUDIO  0  
[2024/07/11 15:00:58 137] tts        485  get audio|use local  
[2024/07/11 15:00:58 138] tts        527  0  nil  1  
[2024/07/11 15:00:58 139] tts        657  TTS_MSG_GETAUDIO  0  
[2024/07/11 15:00:58 139] tts        485  get audio|use local  
[2024/07/11 15:00:58 139] tts        527  0  nil  1  
[2024/07/11 15:00:58 139] tts        299  TTS_LOCAL_CB_BEGIN  
[2024/07/11 15:00:58 140] tts        657  TTS_MSG_GETAUDIO  0  
[2024/07/11 15:00:58 140] tts        485  get audio|use local  
[2024/07/11 15:00:58 140] tts        527  0  nil  1  
[2024/07/11 15:00:58 141] tts        657  TTS_MSG_GETAUDIO  0  
[2024/07/11 15:00:58 141] tts        485  get audio|use local  
[2024/07/11 15:00:58 141] tts        527  0  nil  1  
[2024/07/11 15:00:58 142] tts        657  TTS_MSG_GETAUDIO  0  
[2024/07/11 15:00:58 142] tts        485  get audio|use local  
[2024/07/11 15:00:58 142] tts        527  0  nil  1  
[2024/07/11 15:00:58 143] tts        657  TTS_MSG_GETAUDIO  0  
[2024/07/11 15:00:58 143] tts        485  get audio|use local  
[2024/07/11 15:00:58 143] tts        527  0  nil  1  
[2024/07/11 15:00:58 144] tts        657  TTS_MSG_GETAUDIO  0  
[2024/07/11 15:00:58 145] tts        485  get audio|use local  
[2024/07/11 15:00:58 145] tts        527  0  nil  1  
[2024/07/11 15:00:58 147] tts        657  TTS_MSG_GETAUDIO  0  
[2024/07/11 15:00:58 147] tts        485  get audio|use local  
[2024/07/11 15:00:58 147] tts        498  local audiolen:  2042  ,ced:  12  
[2024/07/11 15:00:58 148] tts        527  0  udata(7c06a9e8) 1  
[2024/07/11 15:00:58 149] tts        657  TTS_MSG_GETAUDIO  0  
[2024/07/11 15:00:58 149] tts        485  get audio|use local  
[2024/07/11 15:00:58 149] tts        498  local audiolen:  2016  ,ced:  12  
[2024/07/11 15:00:58 149] tts        527  0  udata(7c07ef88) 1  
[2024/07/11 15:00:58 151] tts        657  TTS_MSG_GETAUDIO  0  
[2024/07/11 15:00:58 151] tts        485  get audio|use local  
[2024/07/11 15:00:58 151] tts        498  local audiolen:  2014  ,ced:  12  
[2024/07/11 15:00:58 152] tts        527  0  udata(7c087c48) 1  
[2024/07/11 15:00:58 156] tts        657  TTS_MSG_GETAUDIO  0  
[2024/07/11 15:00:58 156] tts        485  get audio|use local  
[2024/07/11 15:00:58 156] tts        498  local audiolen:  1976  ,ced:  12  
[2024/07/11 15:00:58 157] tts        527  0  udata(7c087c98) 1  
[2024/07/11 15:00:58 158] tts        657  TTS_MSG_GETAUDIO  0  
[2024/07/11 15:00:58 159] tts        485  get audio|use local  
[2024/07/11 15:00:58 159] tts        498  local audiolen:  1974  ,ced:  12  
[2024/07/11 15:00:58 159] tts        527  0  udata(7c087ee8) 1  
[2024/07/11 15:00:58 162] tts        657  TTS_MSG_GETAUDIO  0  
[2024/07/11 15:00:58 162] tts        485  get audio|use local  
[2024/07/11 15:00:58 163] tts        498  local audiolen:  2046  ,ced:  12  
[2024/07/11 15:00:58 163] tts        527  0  udata(7c0873b8) 1  
[2024/07/11 15:00:58 169] tts        657  TTS_MSG_GETAUDIO  0  
[2024/07/11 15:00:58 169] tts        485  get audio|use local  
[2024/07/11 15:00:58 169] tts        498  local audiolen:  2018  ,ced:  12  
[2024/07/11 15:00:58 169] tts        527  0  udata(7c087908) 1  
[2024/07/11 15:00:58 172] tts        657  TTS_MSG_GETAUDIO  0  
[2024/07/11 15:00:58 172] tts        485  get audio|use local  
[2024/07/11 15:00:58 172] tts        498  local audiolen:  1954  ,ced:  12  
[2024/07/11 15:00:58 172] tts        527  0  udata(7c087a58) 1  
[2024/07/11 15:00:58 174] tts        657  TTS_MSG_GETAUDIO  0  
[2024/07/11 15:00:58 174] tts        485  get audio|use local  
[2024/07/11 15:00:58 175] tts        498  local audiolen:  1976  ,ced:  12  
[2024/07/11 15:00:58 175] tts        527  0  udata(7c087aa8) 1  
[2024/07/11 15:00:58 183] tts        657  TTS_MSG_GETAUDIO  0  
[2024/07/11 15:00:58 183] tts        485  get audio|use local  
[2024/07/11 15:00:58 183] tts        498  local audiolen:  2040  ,ced:  12  
[2024/07/11 15:00:58 183] tts        527  0  udata(7c087af8) 1  
[2024/07/11 15:00:58 184] tts        301  0  0  
[2024/07/11 15:00:58 185] tts        312  TTS_LOCAL_CB_END,  2  
[2024/07/11 15:00:58 185] tts        657  TTS_MSG_GETAUDIO  0  
[2024/07/11 15:00:58 185] tts        485  get audio|use local  
[2024/07/11 15:00:58 185] tts        498  local audiolen:  2016  ,ced:  12  
[2024/07/11 15:00:58 185] tts        527  0  udata(7c07dee8) 1  
[2024/07/11 15:00:58 186] tts        657  TTS_MSG_GETAUDIO  0  
[2024/07/11 15:00:58 186] tts        485  get audio|use local  
[2024/07/11 15:00:58 186] tts        498  local audiolen:  2034  ,ced:  12  
[2024/07/11 15:00:58 186] tts        527  0  udata(7c07df38) 1  
[2024/07/11 15:00:58 186] tts        657  TTS_MSG_GETAUDIO  0  
[2024/07/11 15:00:58 187] tts        485  get audio|use local  
[2024/07/11 15:00:58 187] tts        498  local audiolen:  1956  ,ced:  12  
[2024/07/11 15:00:58 187] tts        527  0  udata(7c07daf8) 1  
[2024/07/11 15:00:58 187] tts        657  TTS_MSG_GETAUDIO  0  
[2024/07/11 15:00:58 187] tts        485  get audio|use local  
[2024/07/11 15:00:58 188] tts        498  local audiolen:  2016  ,ced:  12  
[2024/07/11 15:00:58 188] tts        527  0  udata(7c07ebf8) 1  
[2024/07/11 15:00:58 188] tts        657  TTS_MSG_GETAUDIO  0  
[2024/07/11 15:00:58 188] tts        485  get audio|use local  
[2024/07/11 15:00:58 189] tts        498  local audiolen:  2002  ,ced:  12  
[2024/07/11 15:00:58 189] tts        527  0  udata(7c07ec48) 1  
[2024/07/11 15:00:58 189] tts        657  TTS_MSG_GETAUDIO  0  
[2024/07/11 15:00:58 189] tts        485  get audio|use local  
[2024/07/11 15:00:58 189] tts        498  local audiolen:  1974  ,ced:  12  
[2024/07/11 15:00:58 190] tts        527  0  udata(7c07ec98) 1  
[2024/07/11 15:00:58 190] tts        657  TTS_MSG_GETAUDIO  0  
[2024/07/11 15:00:58 190] tts        485  get audio|use local  
[2024/07/11 15:00:58 191] tts        498  local audiolen:  1982  ,ced:  12  
[2024/07/11 15:00:58 191] tts        527  0  udata(7c07ece8) 1  
[2024/07/11 15:00:58 193] tts        657  TTS_MSG_GETAUDIO  0  
[2024/07/11 15:00:58 193] tts        485  get audio|use local  
[2024/07/11 15:00:58 193] tts        498  local audiolen:  1924  ,ced:  12  
[2024/07/11 15:00:58 193] tts        527  0  udata(7c07ed38) 1  
[2024/07/11 15:00:58 196] tts        657  TTS_MSG_GETAUDIO  0  
[2024/07/11 15:00:58 196] tts        485  get audio|use local  
[2024/07/11 15:00:58 196] tts        498  local audiolen:  1776  ,ced:  12  
[2024/07/11 15:00:58 196] tts        527  0  udata(7c07ed88) 2  
[2024/07/11 15:00:58 200] tts        660  TTS_MSG_SSE  
[2024/07/11 15:00:58 201] tts        585  sse|use local  
[2024/07/11 15:00:58 203] tts        603  tts exit  
